<?xml version="1.0" encoding="UTF-8"?>
<!-- Generated by org.testng.reporters.JUnitXMLReporter -->
<testsuite hostname="LAPTOP-C379US1T" ignored="0" name="Test" tests="3" failures="1" timestamp="04 Feb 2025 07:49:52 GMT" time="81.115" errors="0">
  <testcase name="test_scenario1" time="10.63" classname="com.pdea.PlaywrightAutomation.PlaywrightAutomation"/>
  <testcase name="test_scenario2" time="9.791" classname="com.pdea.PlaywrightAutomation.PlaywrightAutomation"/>
  <testcase name="test_scenario3" time="14.075" classname="com.pdea.PlaywrightAutomation.PlaywrightAutomation">
    <failure type="java.lang.AssertionError" message="The following asserts failed:
	Error message not as expected expected [Please fill out this field.] but found [null]">
      <![CDATA[java.lang.AssertionError: The following asserts failed:
Error message not as expected expected [Please fill out this field.] but found [null]
at com.pdea.PlaywrightAutomation.PlaywrightAutomation.test_scenario3(PlaywrightAutomation.java:147)
at java.util.concurrent.ThreadPoolExecutor.runWorker(Unknown Source)
at java.util.concurrent.ThreadPoolExecutor$Worker.run(Unknown Source)
at java.lang.Thread.run(Unknown Source)
... Removed 11 stack frames]]>
    </failure>
  </testcase> <!-- test_scenario3 -->
</testsuite> <!-- Test -->
