<?xml version="1.0" encoding="UTF-8"?>
<testng-results skipped="0" failed="2" ignored="0" total="3" passed="1">
  <reporter-output>
  </reporter-output>
  <suite name="Suite" duration-ms="76950" started-at="2025-02-05T14:00:47Z" finished-at="2025-02-05T14:02:03Z">
    <groups>
    </groups>
    <test name="Test" duration-ms="76950" started-at="2025-02-05T14:00:47Z" finished-at="2025-02-05T14:02:03Z">
      <class name="com.pdea.PlaywrightAutomation.PlaywrightAutomation">
        <test-method status="PASS" signature="setup()[pri:0, instance:com.pdea.PlaywrightAutomation.PlaywrightAutomation@5a4aa2f2]" name="setup" is-config="true" duration-ms="14847" started-at="2025-02-05T14:00:47Z" finished-at="2025-02-05T14:01:01Z">
          <reporter-output>
          </reporter-output>
        </test-method> <!-- setup -->
        <test-method status="FAIL" signature="test_scenario1()[pri:1, instance:com.pdea.PlaywrightAutomation.PlaywrightAutomation@5a4aa2f2]" name="test_scenario1" duration-ms="30044" started-at="2025-02-05T14:01:01Z" finished-at="2025-02-05T14:01:31Z">
          <exception class="com.microsoft.playwright.TimeoutError">
            <message>
              <![CDATA[Error {
  message='Timeout 30000ms exceeded.
  name='TimeoutError
  stack='TimeoutError: Timeout 30000ms exceeded.
    at ProgressController.run (E:\lambda-node-remote-client\playwright_utils\node_modules\playwright\node_modules\playwright-core\lib\server\progress.js:75:26)
    at Frame.goto (E:\lambda-node-remote-client\playwright_utils\node_modules\playwright\node_modules\playwright-core\lib\server\frames.js:521:23)
    at FrameDispatcher.goto (E:\lambda-node-remote-client\playwright_utils\node_modules\playwright\node_modules\playwright-core\lib\server\dispatchers\frameDispatcher.js:82:119)
    at FrameDispatcher._handleCommand (E:\lambda-node-remote-client\playwright_utils\node_modules\playwright\node_modules\playwright-core\lib\server\dispatchers\dispatcher.js:94:40)
    at DispatcherConnection.dispatch (E:\lambda-node-remote-client\playwright_utils\node_modules\playwright\node_modules\playwright-core\lib\server\dispatchers\dispatcher.js:361:39)
    at processTicksAndRejections (node:internal/process/task_queues:96:5)
}
Call log:
-   - navigating to "https://www.lambdatest.com/selenium-playground", waiting until "load"
]]>
            </message>
            <full-stacktrace>
              <![CDATA[com.microsoft.playwright.TimeoutError: Error {
  message='Timeout 30000ms exceeded.
  name='TimeoutError
  stack='TimeoutError: Timeout 30000ms exceeded.
    at ProgressController.run (E:\lambda-node-remote-client\playwright_utils\node_modules\playwright\node_modules\playwright-core\lib\server\progress.js:75:26)
    at Frame.goto (E:\lambda-node-remote-client\playwright_utils\node_modules\playwright\node_modules\playwright-core\lib\server\frames.js:521:23)
    at FrameDispatcher.goto (E:\lambda-node-remote-client\playwright_utils\node_modules\playwright\node_modules\playwright-core\lib\server\dispatchers\frameDispatcher.js:82:119)
    at FrameDispatcher._handleCommand (E:\lambda-node-remote-client\playwright_utils\node_modules\playwright\node_modules\playwright-core\lib\server\dispatchers\dispatcher.js:94:40)
    at DispatcherConnection.dispatch (E:\lambda-node-remote-client\playwright_utils\node_modules\playwright\node_modules\playwright-core\lib\server\dispatchers\dispatcher.js:361:39)
    at processTicksAndRejections (node:internal/process/task_queues:96:5)
}
Call log:
-   - navigating to "https://www.lambdatest.com/selenium-playground", waiting until "load"

at com.microsoft.playwright.impl.WaitableResult.get(WaitableResult.java:52)
at com.microsoft.playwright.impl.ChannelOwner.runUntil(ChannelOwner.java:132)
at com.microsoft.playwright.impl.Connection.sendMessage(Connection.java:130)
at com.microsoft.playwright.impl.ChannelOwner.sendMessage(ChannelOwner.java:118)
at com.microsoft.playwright.impl.FrameImpl.navigateImpl(FrameImpl.java:463)
at com.microsoft.playwright.impl.PageImpl.lambda$navigate$47(PageImpl.java:943)
at com.microsoft.playwright.impl.LoggingSupport.withLogging(LoggingSupport.java:47)
at com.microsoft.playwright.impl.ChannelOwner.withLogging(ChannelOwner.java:97)
at com.microsoft.playwright.impl.PageImpl.navigate(PageImpl.java:943)
at com.microsoft.playwright.impl.PageImpl.navigate(PageImpl.java:42)
at com.microsoft.playwright.Page.navigate(Page.java:5474)
at com.pdea.PlaywrightAutomation.PlaywrightAutomation.test_scenario1(PlaywrightAutomation.java:60)
at sun.reflect.NativeMethodAccessorImpl.invoke0(Native Method)
at sun.reflect.NativeMethodAccessorImpl.invoke(Unknown Source)
at sun.reflect.DelegatingMethodAccessorImpl.invoke(Unknown Source)
at java.lang.reflect.Method.invoke(Unknown Source)
at org.testng.internal.MethodInvocationHelper.invokeMethod(MethodInvocationHelper.java:124)
at org.testng.internal.Invoker.invokeMethod(Invoker.java:580)
at org.testng.internal.Invoker.invokeTestMethod(Invoker.java:716)
at org.testng.internal.Invoker.invokeTestMethods(Invoker.java:988)
at org.testng.internal.TestMethodWorker.invokeTestMethods(TestMethodWorker.java:125)
at org.testng.internal.TestMethodWorker.run(TestMethodWorker.java:109)
at java.util.concurrent.ThreadPoolExecutor.runWorker(Unknown Source)
at java.util.concurrent.ThreadPoolExecutor$Worker.run(Unknown Source)
at java.lang.Thread.run(Unknown Source)
Caused by: com.microsoft.playwright.TimeoutError: Error {
  message='Timeout 30000ms exceeded.
  name='TimeoutError
  stack='TimeoutError: Timeout 30000ms exceeded.
    at ProgressController.run (E:\lambda-node-remote-client\playwright_utils\node_modules\playwright\node_modules\playwright-core\lib\server\progress.js:75:26)
    at Frame.goto (E:\lambda-node-remote-client\playwright_utils\node_modules\playwright\node_modules\playwright-core\lib\server\frames.js:521:23)
    at FrameDispatcher.goto (E:\lambda-node-remote-client\playwright_utils\node_modules\playwright\node_modules\playwright-core\lib\server\dispatchers\frameDispatcher.js:82:119)
    at FrameDispatcher._handleCommand (E:\lambda-node-remote-client\playwright_utils\node_modules\playwright\node_modules\playwright-core\lib\server\dispatchers\dispatcher.js:94:40)
    at DispatcherConnection.dispatch (E:\lambda-node-remote-client\playwright_utils\node_modules\playwright\node_modules\playwright-core\lib\server\dispatchers\dispatcher.js:361:39)
    at processTicksAndRejections (node:internal/process/task_queues:96:5)
}
Call log:
-   - navigating to "https://www.lambdatest.com/selenium-playground", waiting until "load"

at com.microsoft.playwright.impl.Connection.dispatch(Connection.java:254)
at com.microsoft.playwright.impl.Connection.processOneMessage(Connection.java:211)
at com.microsoft.playwright.impl.ChannelOwner.runUntil(ChannelOwner.java:130)
... 23 more
]]>
            </full-stacktrace>
          </exception> <!-- com.microsoft.playwright.TimeoutError -->
          <reporter-output>
          </reporter-output>
        </test-method> <!-- test_scenario1 -->
        <test-method status="PASS" signature="quitDriver()[pri:0, instance:com.pdea.PlaywrightAutomation.PlaywrightAutomation@5a4aa2f2]" name="quitDriver" is-config="true" duration-ms="17" started-at="2025-02-05T14:01:31Z" finished-at="2025-02-05T14:01:31Z">
          <reporter-output>
          </reporter-output>
        </test-method> <!-- quitDriver -->
        <test-method status="PASS" signature="setup()[pri:0, instance:com.pdea.PlaywrightAutomation.PlaywrightAutomation@5a4aa2f2]" name="setup" is-config="true" duration-ms="9175" started-at="2025-02-05T14:01:31Z" finished-at="2025-02-05T14:01:41Z">
          <reporter-output>
          </reporter-output>
        </test-method> <!-- setup -->
        <test-method status="PASS" signature="test_scenario2()[pri:2, instance:com.pdea.PlaywrightAutomation.PlaywrightAutomation@5a4aa2f2]" name="test_scenario2" duration-ms="5583" started-at="2025-02-05T14:01:41Z" finished-at="2025-02-05T14:01:46Z">
          <reporter-output>
          </reporter-output>
        </test-method> <!-- test_scenario2 -->
        <test-method status="PASS" signature="quitDriver()[pri:0, instance:com.pdea.PlaywrightAutomation.PlaywrightAutomation@5a4aa2f2]" name="quitDriver" is-config="true" duration-ms="17" started-at="2025-02-05T14:01:46Z" finished-at="2025-02-05T14:01:46Z">
          <reporter-output>
          </reporter-output>
        </test-method> <!-- quitDriver -->
        <test-method status="PASS" signature="setup()[pri:0, instance:com.pdea.PlaywrightAutomation.PlaywrightAutomation@5a4aa2f2]" name="setup" is-config="true" duration-ms="9300" started-at="2025-02-05T14:01:46Z" finished-at="2025-02-05T14:01:56Z">
          <reporter-output>
          </reporter-output>
        </test-method> <!-- setup -->
        <test-method status="FAIL" signature="test_scenario3()[pri:3, instance:com.pdea.PlaywrightAutomation.PlaywrightAutomation@5a4aa2f2]" name="test_scenario3" duration-ms="7916" started-at="2025-02-05T14:01:56Z" finished-at="2025-02-05T14:02:03Z">
          <exception class="java.lang.AssertionError">
            <message>
              <![CDATA[The following asserts failed:
Error message not as expected expected [Please fill out this field.] but found [null]]]>
            </message>
            <full-stacktrace>
              <![CDATA[java.lang.AssertionError: The following asserts failed:
Error message not as expected expected [Please fill out this field.] but found [null]
at org.testng.asserts.SoftAssert.assertAll(SoftAssert.java:43)
at com.pdea.PlaywrightAutomation.PlaywrightAutomation.test_scenario3(PlaywrightAutomation.java:147)
at sun.reflect.NativeMethodAccessorImpl.invoke0(Native Method)
at sun.reflect.NativeMethodAccessorImpl.invoke(Unknown Source)
at sun.reflect.DelegatingMethodAccessorImpl.invoke(Unknown Source)
at java.lang.reflect.Method.invoke(Unknown Source)
at org.testng.internal.MethodInvocationHelper.invokeMethod(MethodInvocationHelper.java:124)
at org.testng.internal.Invoker.invokeMethod(Invoker.java:580)
at org.testng.internal.Invoker.invokeTestMethod(Invoker.java:716)
at org.testng.internal.Invoker.invokeTestMethods(Invoker.java:988)
at org.testng.internal.TestMethodWorker.invokeTestMethods(TestMethodWorker.java:125)
at org.testng.internal.TestMethodWorker.run(TestMethodWorker.java:109)
at java.util.concurrent.ThreadPoolExecutor.runWorker(Unknown Source)
at java.util.concurrent.ThreadPoolExecutor$Worker.run(Unknown Source)
at java.lang.Thread.run(Unknown Source)
]]>
            </full-stacktrace>
          </exception> <!-- java.lang.AssertionError -->
          <reporter-output>
          </reporter-output>
        </test-method> <!-- test_scenario3 -->
        <test-method status="PASS" signature="quitDriver()[pri:0, instance:com.pdea.PlaywrightAutomation.PlaywrightAutomation@5a4aa2f2]" name="quitDriver" is-config="true" duration-ms="15" started-at="2025-02-05T14:02:03Z" finished-at="2025-02-05T14:02:03Z">
          <reporter-output>
          </reporter-output>
        </test-method> <!-- quitDriver -->
      </class> <!-- com.pdea.PlaywrightAutomation.PlaywrightAutomation -->
    </test> <!-- Test -->
  </suite> <!-- Suite -->
</testng-results>
